<?xml version="1.0" encoding="UTF-8"?>
<!-- Generated by org.testng.reporters.JUnitReportReporter -->
<testsuite hostname="LAPTOP-MU36A4M1" failures="0" tests="1" name="tests.ApiTerkwaz.Randomcatfact" time="3.220" errors="0" timestamp="2021-11-13T00:31:54 EET" skipped="0">
  <testcase classname="tests.ApiTerkwaz.Randomcatfact" name="getcatfactrandomly" time="3.220"/>
  <system-out/>
</testsuite> <!-- tests.ApiTerkwaz.Randomcatfact -->
